<?xml version="1.0" encoding="UTF-8"?>
<testsuite name="CardGameTest" tests="1" skipped="0" failures="0" errors="0" timestamp="2025-01-24T14:58:55" hostname="DESKTOP-O2UQVVK" time="0.161">
  <properties/>
  <testcase name="start" classname="CardGameTest" time="0.161"/>
  <system-out><![CDATA[?[1;31m
Start test 1?[0m
A 2 3 4 5 6 7 8 9 10 J Q K

♦ ♥ ♠ ♣

A♣ J♥ 5♥ 10♥ 7♠ Q♣ 2♠ 2♦ 8♦ 5♦ 4♠ 9♣ 3♦ 6♣ 10♠ J♣ A♦ 9♦ K♦ 4♣ 8♥ 7♥ Q♠ 8♣ K♥ 10♦ 6♦ K♣ K♠ 2♣ 5♠ A♥ 3♣ 9♠ 6♥ 10♣ 2♥ 4♥ 9♥ 6♠ 8♠ 3♥ 7♦ J♦ 7♣ 5♣ A♠ 3♠ 4♦ Q♦ Q♥ J♠
?[1;31m
Start test 2?[0m
A 2 3 4 5 6 7 8 9 10 J Q K

♦ ♥ ♠ ♣

4♦ J♦ 6♣ 10♥ 5♥ 2♦ 9♣ 2♠ A♥ J♥ 2♥ 5♦ K♣ 5♠ 3♣ Q♣ Q♠ 3♥ 5♣ 10♠ 3♦ 10♣ 8♦ 9♥ 6♦ 8♣ 9♦ 6♥ 4♣ Q♥ A♣ 8♥ A♠ 2♣ 7♣ J♣ J♠ 4♠ 3♠ 7♦ A♦ 9♠ K♥ 10♦ Q♦ 7♥ 8♠ 7♠ 6♠ 4♥ K♠ K♦
?[1;31m
Start test 3?[0m
A 2 3 4 5 6 7 8 9 10 J Q K

♦ ♥ ♠ ♣

8♣ 6♣ J♦ J♠ 3♣ 10♥ 2♠ 9♠ A♠ 4♦ K♣ 5♦ 5♠ A♣ 9♦ 2♦ 4♣ 5♥ K♠ 6♦ 7♥ 10♣ 10♦ 9♥ 4♥ 10♠ J♣ 8♦ 9♣ 3♥ 3♠ K♦ A♥ Q♣ 8♠ K♥ Q♦ 5♣ Q♠ Q♥ J♥ 2♣ 6♠ 7♦ 3♦ 4♠ 7♠ 2♥ 6♥ A♦ 7♣ 8♥
]]></system-out>
  <system-err><![CDATA[]]></system-err>
</testsuite>
